# JRE version: Java(TM) SE Runtime Environment (8.0_171-b11) (build 1.8.0_171-b11)
# Java VM: Java HotSpot(TM) 64-Bit Server VM (25.171-b11 mixed mode windows-amd64 compressed oops)
Heap:
 PSYoungGen      total 75776K, used 22569K [0x00000000fab00000, 0x00000000fff00000, 0x0000000100000000)
  eden space 65024K, 34% used [0x00000000fab00000,0x00000000fc10a700,0x00000000fea80000)
  from space 10752K, 0% used [0x00000000fea80000,0x00000000fea80000,0x00000000ff500000)
  to   space 10240K, 0% used [0x00000000ff500000,0x00000000ff500000,0x00000000fff00000)
 ParOldGen       total 126464K, used 38185K [0x00000000f0000000, 0x00000000f7b80000, 0x00000000fab00000)
  object space 126464K, 30% used [0x00000000f0000000,0x00000000f254a430,0x00000000f7b80000)
 Metaspace       used 42835K, capacity 43858K, committed 43992K, reserved 1087488K
  class space    used 6249K, capacity 6480K, committed 6528K, reserved 1048576K
GC Heap History (10 events):
Event: 61.868 GC heap before
{Heap before GC invocations=20 (full 2):
 PSYoungGen      total 75264K, used 65568K [0x00000000fab00000, 0x0000000100000000, 0x0000000100000000)
  eden space 63488K, 100% used [0x00000000fab00000,0x00000000fe900000,0x00000000fe900000)
  from space 11776K, 17% used [0x00000000fe900000,0x00000000feb08260,0x00000000ff480000)
  to   space 11776K, 0% used [0x00000000ff480000,0x00000000ff480000,0x0000000100000000)
 ParOldGen       total 71168K, used 42472K [0x00000000f0000000, 0x00000000f4580000, 0x00000000fab00000)
  object space 71168K, 59% used [0x00000000f0000000,0x00000000f297a378,0x00000000f4580000)
 Metaspace       used 42134K, capacity 43114K, committed 43392K, reserved 1085440K
  class space    used 6193K, capacity 6410K, committed 6528K, reserved 1048576K
Event: 61.878 GC heap after
Heap after GC invocations=20 (full 2):
 PSYoungGen      total 74240K, used 1715K [0x00000000fab00000, 0x00000000fff00000, 0x0000000100000000)
  eden space 63488K, 0% used [0x00000000fab00000,0x00000000fab00000,0x00000000fe900000)
  from space 10752K, 15% used [0x00000000ff480000,0x00000000ff62cf80,0x00000000fff00000)
  to   space 11264K, 0% used [0x00000000fe900000,0x00000000fe900000,0x00000000ff400000)
 ParOldGen       total 71168K, used 44451K [0x00000000f0000000, 0x00000000f4580000, 0x00000000fab00000)
  object space 71168K, 62% used [0x00000000f0000000,0x00000000f2b68d28,0x00000000f4580000)
 Metaspace       used 42134K, capacity 43114K, committed 43392K, reserved 1085440K
  class space    used 6193K, capacity 6410K, committed 6528K, reserved 1048576K
}
Event: 81.142 GC heap before
{Heap before GC invocations=21 (full 2):
 PSYoungGen      total 74240K, used 65203K [0x00000000fab00000, 0x00000000fff00000, 0x0000000100000000)
  eden space 63488K, 100% used [0x00000000fab00000,0x00000000fe900000,0x00000000fe900000)
  from space 10752K, 15% used [0x00000000ff480000,0x00000000ff62cf80,0x00000000fff00000)
  to   space 11264K, 0% used [0x00000000fe900000,0x00000000fe900000,0x00000000ff400000)
 ParOldGen       total 71168K, used 44451K [0x00000000f0000000, 0x00000000f4580000, 0x00000000fab00000)
  object space 71168K, 62% used [0x00000000f0000000,0x00000000f2b68d28,0x00000000f4580000)
 Metaspace       used 42441K, capacity 43474K, committed 43648K, reserved 1087488K
  class space    used 6209K, capacity 6442K, committed 6528K, reserved 1048576K
Event: 81.146 GC heap after
Heap after GC invocations=21 (full 2):
 PSYoungGen      total 74752K, used 1000K [0x00000000fab00000, 0x00000000fff80000, 0x0000000100000000)
  eden space 63488K, 0% used [0x00000000fab00000,0x00000000fab00000,0x00000000fe900000)
  from space 11264K, 8% used [0x00000000fe900000,0x00000000fe9fa010,0x00000000ff400000)
  to   space 10752K, 0% used [0x00000000ff500000,0x00000000ff500000,0x00000000fff80000)
 ParOldGen       total 71168K, used 45644K [0x00000000f0000000, 0x00000000f4580000, 0x00000000fab00000)
  object space 71168K, 64% used [0x00000000f0000000,0x00000000f2c930a0,0x00000000f4580000)
 Metaspace       used 42441K, capacity 43474K, committed 43648K, reserved 1087488K
  class space    used 6209K, capacity 6442K, committed 6528K, reserved 1048576K
}
Event: 122.908 GC heap before
{Heap before GC invocations=22 (full 2):
 PSYoungGen      total 74752K, used 64488K [0x00000000fab00000, 0x00000000fff80000, 0x0000000100000000)
  eden space 63488K, 100% used [0x00000000fab00000,0x00000000fe900000,0x00000000fe900000)
  from space 11264K, 8% used [0x00000000fe900000,0x00000000fe9fa010,0x00000000ff400000)
  to   space 10752K, 0% used [0x00000000ff500000,0x00000000ff500000,0x00000000fff80000)
 ParOldGen       total 71168K, used 45644K [0x00000000f0000000, 0x00000000f4580000, 0x00000000fab00000)
  object space 71168K, 64% used [0x00000000f0000000,0x00000000f2c930a0,0x00000000f4580000)
 Metaspace       used 42559K, capacity 43486K, committed 43648K, reserved 1087488K
  class space    used 6211K, capacity 6444K, committed 6528K, reserved 1048576K
Event: 122.914 GC heap after
Heap after GC invocations=22 (full 2):
 PSYoungGen      total 75776K, used 1040K [0x00000000fab00000, 0x00000000fff80000, 0x0000000100000000)
  eden space 65024K, 0% used [0x00000000fab00000,0x00000000fab00000,0x00000000fea80000)
  from space 10752K, 9% used [0x00000000ff500000,0x00000000ff604048,0x00000000fff80000)
  to   space 10752K, 0% used [0x00000000fea80000,0x00000000fea80000,0x00000000ff500000)
 ParOldGen       total 71168K, used 45966K [0x00000000f0000000, 0x00000000f4580000, 0x00000000fab00000)
  object space 71168K, 64% used [0x00000000f0000000,0x00000000f2ce3b50,0x00000000f4580000)
 Metaspace       used 42559K, capacity 43486K, committed 43648K, reserved 1087488K
  class space    used 6211K, capacity 6444K, committed 6528K, reserved 1048576K
}
Event: 125.693 GC heap before
{Heap before GC invocations=23 (full 2):
 PSYoungGen      total 75776K, used 4068K [0x00000000fab00000, 0x00000000fff80000, 0x0000000100000000)
  eden space 65024K, 4% used [0x00000000fab00000,0x00000000fadf5138,0x00000000fea80000)
  from space 10752K, 9% used [0x00000000ff500000,0x00000000ff604048,0x00000000fff80000)
  to   space 10752K, 0% used [0x00000000fea80000,0x00000000fea80000,0x00000000ff500000)
 ParOldGen       total 71168K, used 45966K [0x00000000f0000000, 0x00000000f4580000, 0x00000000fab00000)
  object space 71168K, 64% used [0x00000000f0000000,0x00000000f2ce3b50,0x00000000f4580000)
 Metaspace       used 42719K, capacity 43652K, committed 43736K, reserved 1087488K
  class space    used 6236K, capacity 6477K, committed 6528K, reserved 1048576K
Event: 125.696 GC heap after
Heap after GC invocations=23 (full 2):
 PSYoungGen      total 75776K, used 128K [0x00000000fab00000, 0x00000000fff00000, 0x0000000100000000)
  eden space 65024K, 0% used [0x00000000fab00000,0x00000000fab00000,0x00000000fea80000)
  from space 10752K, 1% used [0x00000000fea80000,0x00000000feaa0000,0x00000000ff500000)
  to   space 10240K, 0% used [0x00000000ff500000,0x00000000ff500000,0x00000000fff00000)
 ParOldGen       total 71168K, used 47230K [0x00000000f0000000, 0x00000000f4580000, 0x00000000fab00000)
  object space 71168K, 66% used [0x00000000f0000000,0x00000000f2e1fbd8,0x00000000f4580000)
 Metaspace       used 42719K, capacity 43652K, committed 43736K, reserved 1087488K
  class space    used 6236K, capacity 6477K, committed 6528K, reserved 1048576K
}
Event: 125.696 GC heap before
{Heap before GC invocations=24 (full 3):
 PSYoungGen      total 75776K, used 128K [0x00000000fab00000, 0x00000000fff00000, 0x0000000100000000)
  eden space 65024K, 0% used [0x00000000fab00000,0x00000000fab00000,0x00000000fea80000)
  from space 10752K, 1% used [0x00000000fea80000,0x00000000feaa0000,0x00000000ff500000)
  to   space 10240K, 0% used [0x00000000ff500000,0x00000000ff500000,0x00000000fff00000)
 ParOldGen       total 71168K, used 47230K [0x00000000f0000000, 0x00000000f4580000, 0x00000000fab00000)
  object space 71168K, 66% used [0x00000000f0000000,0x00000000f2e1fbd8,0x00000000f4580000)
 Metaspace       used 42719K, capacity 43652K, committed 43736K, reserved 1087488K
  class space    used 6236K, capacity 6477K, committed 6528K, reserved 1048576K
Event: 125.898 GC heap after
Heap after GC invocations=24 (full 3):
 PSYoungGen      total 75776K, used 0K [0x00000000fab00000, 0x00000000fff00000, 0x0000000100000000)
  eden space 65024K, 0% used [0x00000000fab00000,0x00000000fab00000,0x00000000fea80000)
  from space 10752K, 0% used [0x00000000fea80000,0x00000000fea80000,0x00000000ff500000)
  to   space 10240K, 0% used [0x00000000ff500000,0x00000000ff500000,0x00000000fff00000)
 ParOldGen       total 126464K, used 38185K [0x00000000f0000000, 0x00000000f7b80000, 0x00000000fab00000)
  object space 126464K, 30% used [0x00000000f0000000,0x00000000f254a430,0x00000000f7b80000)
 Metaspace       used 42719K, capacity 43652K, committed 43736K, reserved 1087488K
  class space    used 6236K, capacity 6477K, committed 6528K, reserved 1048576K
}

